# JRE version: Java(TM) SE Runtime Environment (8.0_101-b13) (build 1.8.0_101-b13)
# Java VM: Java HotSpot(TM) 64-Bit Server VM (25.101-b13 mixed mode linux-amd64 compressed oops)
Heap:
 PSYoungGen      total 202240K, used 4263K [0x00000000ec100000, 0x00000000f8f00000, 0x0000000100000000)
  eden space 193536K, 0% used [0x00000000ec100000,0x00000000ec100000,0x00000000f7e00000)
  from space 8704K, 48% used [0x00000000f7e00000,0x00000000f8229f98,0x00000000f8680000)
  to   space 8192K, 0% used [0x00000000f8700000,0x00000000f8700000,0x00000000f8f00000)
 ParOldGen       total 49664K, used 21730K [0x00000000c4200000, 0x00000000c7280000, 0x00000000ec100000)
  object space 49664K, 43% used [0x00000000c4200000,0x00000000c5738be8,0x00000000c7280000)
 Metaspace       used 40160K, capacity 41338K, committed 41600K, reserved 1085440K
  class space    used 4720K, capacity 4889K, committed 4992K, reserved 1048576K
GC Heap History (10 events):
Event: 463.076 GC heap after
Heap after GC invocations=25 (full 7):
 PSYoungGen      total 202752K, used 0K [0x00000000ec100000, 0x00000000f9000000, 0x0000000100000000)
  eden space 193536K, 0% used [0x00000000ec100000,0x00000000ec100000,0x00000000f7e00000)
  from space 9216K, 0% used [0x00000000f8700000,0x00000000f8700000,0x00000000f9000000)
  to   space 9216K, 0% used [0x00000000f7e00000,0x00000000f7e00000,0x00000000f8700000)
 ParOldGen       total 49664K, used 21663K [0x00000000c4200000, 0x00000000c7280000, 0x00000000ec100000)
  object space 49664K, 43% used [0x00000000c4200000,0x00000000c5727cc8,0x00000000c7280000)
 Metaspace       used 39031K, capacity 39834K, committed 40064K, reserved 1085440K
  class space    used 4600K, capacity 4727K, committed 4736K, reserved 1048576K
}
Event: 580.797 GC heap before
{Heap before GC invocations=26 (full 7):
 PSYoungGen      total 202752K, used 149215K [0x00000000ec100000, 0x00000000f9000000, 0x0000000100000000)
  eden space 193536K, 77% used [0x00000000ec100000,0x00000000f52b7d90,0x00000000f7e00000)
  from space 9216K, 0% used [0x00000000f8700000,0x00000000f8700000,0x00000000f9000000)
  to   space 9216K, 0% used [0x00000000f7e00000,0x00000000f7e00000,0x00000000f8700000)
 ParOldGen       total 49664K, used 21663K [0x00000000c4200000, 0x00000000c7280000, 0x00000000ec100000)
  object space 49664K, 43% used [0x00000000c4200000,0x00000000c5727cc8,0x00000000c7280000)
 Metaspace       used 39214K, capacity 40108K, committed 40448K, reserved 1085440K
  class space    used 4615K, capacity 4753K, committed 4864K, reserved 1048576K
Event: 580.799 GC heap after
Heap after GC invocations=26 (full 7):
 PSYoungGen      total 202752K, used 1785K [0x00000000ec100000, 0x00000000f9000000, 0x0000000100000000)
  eden space 193536K, 0% used [0x00000000ec100000,0x00000000ec100000,0x00000000f7e00000)
  from space 9216K, 19% used [0x00000000f7e00000,0x00000000f7fbe468,0x00000000f8700000)
  to   space 9216K, 0% used [0x00000000f8700000,0x00000000f8700000,0x00000000f9000000)
 ParOldGen       total 49664K, used 21671K [0x00000000c4200000, 0x00000000c7280000, 0x00000000ec100000)
  object space 49664K, 43% used [0x00000000c4200000,0x00000000c5729cc8,0x00000000c7280000)
 Metaspace       used 39214K, capacity 40108K, committed 40448K, reserved 1085440K
  class space    used 4615K, capacity 4753K, committed 4864K, reserved 1048576K
}
Event: 580.799 GC heap before
{Heap before GC invocations=27 (full 8):
 PSYoungGen      total 202752K, used 1785K [0x00000000ec100000, 0x00000000f9000000, 0x0000000100000000)
  eden space 193536K, 0% used [0x00000000ec100000,0x00000000ec100000,0x00000000f7e00000)
  from space 9216K, 19% used [0x00000000f7e00000,0x00000000f7fbe468,0x00000000f8700000)
  to   space 9216K, 0% used [0x00000000f8700000,0x00000000f8700000,0x00000000f9000000)
 ParOldGen       total 49664K, used 21671K [0x00000000c4200000, 0x00000000c7280000, 0x00000000ec100000)
  object space 49664K, 43% used [0x00000000c4200000,0x00000000c5729cc8,0x00000000c7280000)
 Metaspace       used 39214K, capacity 40108K, committed 40448K, reserved 1085440K
  class space    used 4615K, capacity 4753K, committed 4864K, reserved 1048576K
Event: 581.031 GC heap after
Heap after GC invocations=27 (full 8):
 PSYoungGen      total 202752K, used 0K [0x00000000ec100000, 0x00000000f9000000, 0x0000000100000000)
  eden space 193536K, 0% used [0x00000000ec100000,0x00000000ec100000,0x00000000f7e00000)
  from space 9216K, 0% used [0x00000000f7e00000,0x00000000f7e00000,0x00000000f8700000)
  to   space 9216K, 0% used [0x00000000f8700000,0x00000000f8700000,0x00000000f9000000)
 ParOldGen       total 49664K, used 21704K [0x00000000c4200000, 0x00000000c7280000, 0x00000000ec100000)
  object space 49664K, 43% used [0x00000000c4200000,0x00000000c57320b0,0x00000000c7280000)
 Metaspace       used 39211K, capacity 40102K, committed 40448K, reserved 1085440K
  class space    used 4615K, capacity 4751K, committed 4864K, reserved 1048576K
}
Event: 609.229 GC heap before
{Heap before GC invocations=28 (full 8):
 PSYoungGen      total 202752K, used 137937K [0x00000000ec100000, 0x00000000f9000000, 0x0000000100000000)
  eden space 193536K, 71% used [0x00000000ec100000,0x00000000f47b4700,0x00000000f7e00000)
  from space 9216K, 0% used [0x00000000f7e00000,0x00000000f7e00000,0x00000000f8700000)
  to   space 9216K, 0% used [0x00000000f8700000,0x00000000f8700000,0x00000000f9000000)
 ParOldGen       total 49664K, used 21704K [0x00000000c4200000, 0x00000000c7280000, 0x00000000ec100000)
  object space 49664K, 43% used [0x00000000c4200000,0x00000000c57320b0,0x00000000c7280000)
 Metaspace       used 39297K, capacity 40262K, committed 40448K, reserved 1085440K
  class space    used 4619K, capacity 4758K, committed 4864K, reserved 1048576K
Event: 609.234 GC heap after
Heap after GC invocations=28 (full 8):
 PSYoungGen      total 201728K, used 1728K [0x00000000ec100000, 0x00000000f8f00000, 0x0000000100000000)
  eden space 193536K, 0% used [0x00000000ec100000,0x00000000ec100000,0x00000000f7e00000)
  from space 8192K, 21% used [0x00000000f8700000,0x00000000f88b0010,0x00000000f8f00000)
  to   space 8704K, 0% used [0x00000000f7e00000,0x00000000f7e00000,0x00000000f8680000)
 ParOldGen       total 49664K, used 21712K [0x00000000c4200000, 0x00000000c7280000, 0x00000000ec100000)
  object space 49664K, 43% used [0x00000000c4200000,0x00000000c57340b0,0x00000000c7280000)
 Metaspace       used 39297K, capacity 40262K, committed 40448K, reserved 1085440K
  class space    used 4619K, capacity 4758K, committed 4864K, reserved 1048576K
}
Event: 609.234 GC heap before
{Heap before GC invocations=29 (full 9):
 PSYoungGen      total 201728K, used 1728K [0x00000000ec100000, 0x00000000f8f00000, 0x0000000100000000)
  eden space 193536K, 0% used [0x00000000ec100000,0x00000000ec100000,0x00000000f7e00000)
  from space 8192K, 21% used [0x00000000f8700000,0x00000000f88b0010,0x00000000f8f00000)
  to   space 8704K, 0% used [0x00000000f7e00000,0x00000000f7e00000,0x00000000f8680000)
 ParOldGen       total 49664K, used 21712K [0x00000000c4200000, 0x00000000c7280000, 0x00000000ec100000)
  object space 49664K, 43% used [0x00000000c4200000,0x00000000c57340b0,0x00000000c7280000)
 Metaspace       used 39297K, capacity 40262K, committed 40448K, reserved 1085440K
  class space    used 4619K, capacity 4758K, committed 4864K, reserved 1048576K
Event: 609.316 GC heap after
Heap after GC invocations=29 (full 9):
 PSYoungGen      total 201728K, used 0K [0x00000000ec100000, 0x00000000f8f00000, 0x0000000100000000)
  eden space 193536K, 0% used [0x00000000ec100000,0x00000000ec100000,0x00000000f7e00000)
  from space 8192K, 0% used [0x00000000f8700000,0x00000000f8700000,0x00000000f8f00000)
  to   space 8704K, 0% used [0x00000000f7e00000,0x00000000f7e00000,0x00000000f8680000)
 ParOldGen       total 49664K, used 21722K [0x00000000c4200000, 0x00000000c7280000, 0x00000000ec100000)
  object space 49664K, 43% used [0x00000000c4200000,0x00000000c5736be8,0x00000000c7280000)
 Metaspace       used 39295K, capacity 40256K, committed 40448K, reserved 1085440K
  class space    used 4619K, capacity 4756K, committed 4864K, reserved 1048576K
}
Event: 1546.114 GC heap before
{Heap before GC invocations=30 (full 9):
 PSYoungGen      total 201728K, used 193536K [0x00000000ec100000, 0x00000000f8f00000, 0x0000000100000000)
  eden space 193536K, 100% used [0x00000000ec100000,0x00000000f7e00000,0x00000000f7e00000)
  from space 8192K, 0% used [0x00000000f8700000,0x00000000f8700000,0x00000000f8f00000)
  to   space 8704K, 0% used [0x00000000f7e00000,0x00000000f7e00000,0x00000000f8680000)
 ParOldGen       total 49664K, used 21722K [0x00000000c4200000, 0x00000000c7280000, 0x00000000ec100000)
  object space 49664K, 43% used [0x00000000c4200000,0x00000000c5736be8,0x00000000c7280000)
 Metaspace       used 40160K, capacity 41338K, committed 41600K, reserved 1085440K
  class space    used 4720K, capacity 4889K, committed 4992K, reserved 1048576K

